Using OpenMP version. Maximum number of threads:    12
 -------------------------------------------------------------------------------
 Reading input
 Reading input from file: wfo.in
*** walltime: total -        0.006s, step -        0.006s ***
 -------------------------------------------------------------------------------
Number of <bra| electrons:               8
Number of <bra| alpha el:                4
Number of <bra| beta el:                 4
Number of |ket> electrons:               8
Number of |ket> alpha el:                4
Number of |ket> beta el:                 4
 
Number of <bra| MOs:                    43
Number of |ket> MOs:                    43
Number of discarded core MOs:            1
 
Number of <bra| states:                  4
Number of |ket> states:                  4
Number of <bra| determinants:           17
Number of |ket> determinants:           17
Number of det. pairs:                  289
 -------------------------------------------------------------------------------
 Sorting determinants and CI vectors for blocking
*** walltime: total -        0.006s, step -        0.001s ***
 -------------------------------------------------------------------------------
Number of <bra| alpha blocks:                  9
Number of |ket> alpha blocks:                  9
Number of <bra|  beta blocks:                  9
Number of |ket>  beta blocks:                  9
Block-determinants to compute:               162
 
Number of <bra| alpha superblocks:             3
Number of |ket> alpha superblocks:             3
Number of <bra|  beta superblocks:             3
Number of |ket>  beta superblocks:             3
 -------------------------------------------------------------------------------
 More alpha than beta blocks present - will pre-compute beta
 -------------------------------------------------------------------------------
  Reordering CI-coefficients
*** walltime: total -        0.007s, step -        0.000s ***
 -------------------------------------------------------------------------------
  Transforming mixed overlap matrix
*** walltime: total -        0.007s, step -        0.000s ***
 -------------------------------------------------------------------------------
 Precomputing P determinants using adaptive formalism
*** walltime: total -        0.007s, step -        0.001s ***
 Precomputing Q determinants using adaptive formalism
*** walltime: total -        0.008s, step -        0.000s ***
 -------------------------------------------------------------------------------
 Overlap using precomputed quantities
*** walltime: total -        0.008s, step -        0.000s ***
 ===============================================================================
 Overlap matrix <PsiA_i|PsiB_j>
                |PsiB  1>     |PsiB  2>     |PsiB  3>     |PsiB  4>     
<PsiA  1|    0.9999606319  0.0000000000 -0.0000000000  0.0048387499
<PsiA  2|    0.0000000000 -0.9986535613  0.0000000001  0.0000000000
<PsiA  3|    0.0000000000  0.0000000001  0.9982139908 -0.0000000000
<PsiA  4|    0.0048185976 -0.0000000000 -0.0000000000 -0.9980631862
 
 Renormalized overlap matrix <PsiA_i|PsiB_j>
                |PsiB  1>     |PsiB  2>     |PsiB  3>     |PsiB  4>     
<PsiA  1|    0.9999606319  0.0000000000 -0.0000000000  0.0048432947
<PsiA  2|    0.0000000000 -0.9999519178  0.0000000001  0.0000000000
<PsiA  3|    0.0000000000  0.0000000001  1.0000053523 -0.0000000000
<PsiA  4|    0.0048231330 -0.0000000000 -0.0000000000 -0.9999408754
 
 Performing Lowdin orthonormalization by SVD...
 
 Orthonormalized overlap matrix <PsiA_i|PsiB_j>
                |PsiB  1>     |PsiB  2>     |PsiB  3>     |PsiB  4>     
<PsiA  1|    0.9999883191  0.0000000000 -0.0000000000  0.0048333932
<PsiA  2|    0.0000000000 -1.0000000000  0.0000000001  0.0000000000
<PsiA  3|    0.0000000000  0.0000000001  1.0000000000 -0.0000000000
<PsiA  4|    0.0048333932 -0.0000000000 -0.0000000000 -0.9999883191
  Angle to original matrix  0.0007500915
